<?xml version="1.0" encoding="UTF-8"?>
<!-- Generated by org.testng.reporters.JUnitXMLReporter -->
<testsuite ignored="1" hostname="Lingaraj-PC" failures="0" tests="2" name="Test-runner-chrome" time="68.259" errors="0" timestamp="2022-05-06T12:56:29 IST">
  <testcase classname="com.crm.comcast.contactTest.CreateContactAndDeleteContactTest" name="createContAndDel" time="18.29"/>
  <testcase classname="com.crm.comcast.organizationTest.CreateOraganizationTest" name="createOrg" time="13.054"/>
  <testcase classname="com.crm.comcastgenericutility.BaseClass" name="@AfterSuite asSuit" time="0.0">
    <ignored/>
  </testcase> <!-- @AfterSuite asSuit -->
</testsuite> <!-- Test-runner-chrome -->
