<?xml version="1.0" encoding="UTF-8"?>
<!-- Generated by org.testng.reporters.JUnitReportReporter -->
<testsuite hostname="Lingaraj-PC" failures="0" tests="3" name="com.crm.comcast.contactTest.CreateContactTest" time="46.645" errors="0" timestamp="2022-05-06T15:30:57 IST" skipped="0">
  <testcase classname="com.crm.comcast.contactTest.CreateContactTest" name="createAccountWithGroup" time="16.123"/>
  <system-out/>
  <testcase classname="com.crm.comcast.contactTest.CreateContactTest" name="createcContactWithMan" time="15.189"/>
  <system-out/>
  <testcase classname="com.crm.comcast.contactTest.CreateContactTest" name="createContWithoutMan" time="15.333"/>
  <system-out/>
</testsuite> <!-- com.crm.comcast.contactTest.CreateContactTest -->
