<?xml version="1.0" encoding="UTF-8"?>
<!-- Generated by org.testng.reporters.JUnitReportReporter -->
<testsuite hostname="Lingaraj-PC" failures="0" tests="1" name="com.crm.comcast.contactTest.Edit" time="19.927" errors="0" timestamp="2022-05-05T15:25:16 IST" skipped="0">
  <testcase classname="com.crm.comcast.contactTest.Edit" name="edit" time="19.927"/>
  <system-out/>
</testsuite> <!-- com.crm.comcast.contactTest.Edit -->
