<?xml version="1.0" encoding="UTF-8"?>
<!-- Generated by org.testng.reporters.JUnitReportReporter -->
<testsuite hostname="Lingaraj-PC" failures="0" tests="1" name="com.crm.comcast.organizationTest.CreateOraganization" time="18.275" errors="0" timestamp="2022-05-05T15:40:42 IST" skipped="0">
  <testcase classname="com.crm.comcast.organizationTest.CreateOraganization" name="createOrg" time="18.275"/>
  <system-out/>
</testsuite> <!-- com.crm.comcast.organizationTest.CreateOraganization -->
