<?xml version="1.0" encoding="UTF-8"?>
<!-- Generated by org.testng.reporters.JUnitReportReporter -->
<testsuite hostname="Lingaraj-PC" failures="0" tests="1" name="com.crm.practise.ReadDataFromExcelToDataProvider" time="0.000" errors="0" timestamp="2022-05-05T11:47:55 IST" skipped="1">
  <testcase classname="com.crm.practise.ReadDataFromExcelToDataProvider" name="readDataTest" time="0.000">
    <skipped/>
  </testcase> <!-- readDataTest -->
  <system-out/>
</testsuite> <!-- com.crm.practise.ReadDataFromExcelToDataProvider -->
