<?xml version="1.0" encoding="UTF-8"?>
<!-- Generated by org.testng.reporters.JUnitReportReporter -->
<testsuite hostname="Lingaraj-PC" failures="0" tests="1" name="com.crm.comcast.organizationTest.CreateOraganizationTest" time="19.413" errors="0" timestamp="2022-05-06T15:58:33 IST" skipped="0">
  <testcase classname="com.crm.comcast.organizationTest.CreateOraganizationTest" name="createOrg" time="19.413"/>
  <system-out/>
</testsuite> <!-- com.crm.comcast.organizationTest.CreateOraganizationTest -->
