<?xml version="1.0" encoding="UTF-8"?>
<!-- Generated by org.testng.reporters.JUnitReportReporter -->
<testsuite hostname="Lingaraj-PC" failures="0" tests="1" name="com.crm.comcast.campaignTest.CampiagnAndProductTest" time="26.557" errors="0" timestamp="2022-05-06T15:32:18 IST" skipped="0">
  <testcase classname="com.crm.comcast.campaignTest.CampiagnAndProductTest" name="campAndProd" time="26.557"/>
  <system-out/>
</testsuite> <!-- com.crm.comcast.campaignTest.CampiagnAndProductTest -->
