<?xml version="1.0" encoding="UTF-8"?>
<!-- Generated by org.testng.reporters.JUnitReportReporter -->
<testsuite hostname="Lingaraj-PC" failures="0" tests="1" name="com.crm.comcast.contactTest.CreateContact" time="27.477" errors="0" timestamp="2022-05-06T12:51:09 IST" skipped="0">
  <testcase classname="com.crm.comcast.contactTest.CreateContact" name="crecon" time="27.477"/>
  <system-out/>
</testsuite> <!-- com.crm.comcast.contactTest.CreateContact -->
