<?xml version="1.0" encoding="UTF-8"?>
<!-- Generated by org.testng.reporters.JUnitReportReporter -->
<testsuite hostname="Lingaraj-PC" failures="0" tests="1" name="com.crm.comcast.contactTest.EditTest" time="16.793" errors="0" timestamp="2022-05-06T13:06:38 IST" skipped="0">
  <testcase classname="com.crm.comcast.contactTest.EditTest" name="edit" time="16.793"/>
  <system-out/>
</testsuite> <!-- com.crm.comcast.contactTest.EditTest -->
