<?xml version="1.0" encoding="UTF-8"?>
<!-- Generated by org.testng.reporters.JUnitReportReporter -->
<testsuite hostname="Lingaraj-PC" failures="0" tests="1" name="com.crm.comcast.campaignTest.CampiagnAndProduct" time="34.812" errors="0" timestamp="2022-05-05T15:35:11 IST" skipped="0">
  <testcase classname="com.crm.comcast.campaignTest.CampiagnAndProduct" name="campAndProd" time="34.812"/>
  <system-out/>
</testsuite> <!-- com.crm.comcast.campaignTest.CampiagnAndProduct -->
